2025-07-16 18:48:43,144 DEBUG    root            Loaded Command Group: ['gcloud', 'auth']
2025-07-16 18:48:43,145 DEBUG    root            Loaded Command Group: ['gcloud', 'auth', 'application_default']
2025-07-16 18:48:43,169 DEBUG    root            Loaded Command Group: ['gcloud', 'auth', 'application-default', 'login']
2025-07-16 18:48:43,169 DEBUG    root            Running [gcloud.auth.application-default.login] with arguments: []
2025-07-16 18:48:45,321 DEBUG    requests_oauthlib.oauth2_session Generated new state jJWl9ayLJYzapocXYNHtD9iXooWnLF.
2025-07-16 18:48:45,446 INFO     ___FILE_ONLY___ Your browser has been opened to visit:

    https://accounts.google.com/o/oauth2/auth?response_type=code&client_id=764086051850-6qr4p6gpi6hn506pt8ejuq83di341hur.apps.googleusercontent.com&redirect_uri=http%3A%2F%2Flocalhost%3A8085%2F&scope=openid+https%3A%2F%2Fwww.googleapis.com%2Fauth%2Fuserinfo.email+https%3A%2F%2Fwww.googleapis.com%2Fauth%2Fcloud-platform+https%3A%2F%2Fwww.googleapis.com%2Fauth%2Fsqlservice.login&state=jJWl9ayLJYzapocXYNHtD9iXooWnLF&access_type=offline&code_challenge=U9G2uXu7ciQa00-PMExiRVz8NMZdpPuZCvVa4M4BBtA&code_challenge_method=S256


2025-07-16 18:48:56,428 INFO     google_auth_oauthlib.flow "GET /?state=jJWl9ayLJYzapocXYNHtD9iXooWnLF&code=4/0AVMBsJhUt5cE7zZIO7IbjOhou74ZjH6rcn-8Sm8_YP8XV1TdmuNPs80Svo4p3TK0vmJiKA&scope=email%20https://www.googleapis.com/auth/cloud-platform%20https://www.googleapis.com/auth/sqlservice.login%20https://www.googleapis.com/auth/userinfo.email%20openid&authuser=0&prompt=consent HTTP/1.1" 200 937
2025-07-16 18:48:56,429 DEBUG    requests_oauthlib.oauth2_session Requesting url https://oauth2.googleapis.com/token using method POST.
2025-07-16 18:48:56,429 DEBUG    requests_oauthlib.oauth2_session Supplying headers {b'Accept': b'application/json', b'Content-Type': b'application/x-www-form-urlencoded;charset=UTF-8', b'user-agent': b'google-cloud-sdk gcloud/530.0.0 command/gcloud.auth.application-default.login invocation-id/a5d189ae18b744f2af163d38c60d744d environment/None environment-version/None client-os/MACOSX client-os-ver/25.0.0 client-pltf-arch/arm interactive/True from-script/False python/3.12.8 term/tmux-256color (Macintosh; Intel Mac OS X 25.0.0)'} and data {'grant_type': 'authorization_code', 'client_id': '764086051850-6qr4p6gpi6hn506pt8ejuq83di341hur.apps.googleusercontent.com', 'client_secret': 'd-FL95Q19q7MQmFpd7hHD0Ty', 'code': '4/0AVMBsJhUt5cE7zZIO7IbjOhou74ZjH6rcn-8Sm8_YP8XV1TdmuNPs80Svo4p3TK0vmJiKA', 'redirect_uri': 'http://localhost:8085/', 'code_verifier': 'cHpKfbK~hH5E1vBPHxjdzbzdaE_80oi5~T33JM-9fjFXz4rGUbo.bh4LBMqtpGDSLx4IpJ2Bq4NL2VinyrhuM6VrwrZn5WxsHx2uGpg47LReXIvmJ9h9RwQEpU_MMY4U'}
2025-07-16 18:48:56,429 DEBUG    requests_oauthlib.oauth2_session Passing through key word arguments {'json': None, 'timeout': None, 'auth': None, 'verify': None, 'proxies': None}.
2025-07-16 18:48:56,438 DEBUG    urllib3.connectionpool Starting new HTTPS connection (1): oauth2.googleapis.com:443
2025-07-16 18:48:56,576 DEBUG    urllib3.connectionpool https://oauth2.googleapis.com:443 "POST /token HTTP/11" 200 None
2025-07-16 18:48:56,576 DEBUG    requests_oauthlib.oauth2_session Prepared fetch token request body grant_type=authorization_code&client_id=764086051850-6qr4p6gpi6hn506pt8ejuq83di341hur.apps.googleusercontent.com&client_secret=d-FL95Q19q7MQmFpd7hHD0Ty&code=4%2F0AVMBsJhUt5cE7zZIO7IbjOhou74ZjH6rcn-8Sm8_YP8XV1TdmuNPs80Svo4p3TK0vmJiKA&redirect_uri=http%3A%2F%2Flocalhost%3A8085%2F&code_verifier=cHpKfbK~hH5E1vBPHxjdzbzdaE_80oi5~T33JM-9fjFXz4rGUbo.bh4LBMqtpGDSLx4IpJ2Bq4NL2VinyrhuM6VrwrZn5WxsHx2uGpg47LReXIvmJ9h9RwQEpU_MMY4U
2025-07-16 18:48:56,577 DEBUG    requests_oauthlib.oauth2_session Request to fetch token completed with status 200.
2025-07-16 18:48:56,577 DEBUG    requests_oauthlib.oauth2_session Request headers were {'user-agent': b'google-cloud-sdk gcloud/530.0.0 command/gcloud.auth.application-default.login invocation-id/a5d189ae18b744f2af163d38c60d744d environment/None environment-version/None client-os/MACOSX client-os-ver/25.0.0 client-pltf-arch/arm interactive/True from-script/False python/3.12.8 term/tmux-256color (Macintosh; Intel Mac OS X 25.0.0)', 'Accept-Encoding': 'gzip, deflate', 'Accept': b'application/json', 'Connection': 'keep-alive', 'Content-Type': b'application/x-www-form-urlencoded;charset=UTF-8', 'Content-Length': '421'}
2025-07-16 18:48:56,577 DEBUG    requests_oauthlib.oauth2_session Request body was grant_type=authorization_code&client_id=764086051850-6qr4p6gpi6hn506pt8ejuq83di341hur.apps.googleusercontent.com&client_secret=d-FL95Q19q7MQmFpd7hHD0Ty&code=4%2F0AVMBsJhUt5cE7zZIO7IbjOhou74ZjH6rcn-8Sm8_YP8XV1TdmuNPs80Svo4p3TK0vmJiKA&redirect_uri=http%3A%2F%2Flocalhost%3A8085%2F&code_verifier=cHpKfbK~hH5E1vBPHxjdzbzdaE_80oi5~T33JM-9fjFXz4rGUbo.bh4LBMqtpGDSLx4IpJ2Bq4NL2VinyrhuM6VrwrZn5WxsHx2uGpg47LReXIvmJ9h9RwQEpU_MMY4U
2025-07-16 18:48:56,577 DEBUG    requests_oauthlib.oauth2_session Response headers were {'Cache-Control': 'no-cache, no-store, max-age=0, must-revalidate', 'Pragma': 'no-cache', 'Date': 'Wed, 16 Jul 2025 22:48:56 GMT', 'Expires': 'Mon, 01 Jan 1990 00:00:00 GMT', 'Content-Type': 'application/json; charset=utf-8', 'Vary': 'Origin, X-Origin, Referer', 'Content-Encoding': 'gzip', 'Server': 'scaffolding on HTTPServer2', 'X-XSS-Protection': '0', 'X-Frame-Options': 'SAMEORIGIN', 'X-Content-Type-Options': 'nosniff', 'Alt-Svc': 'h3=":443"; ma=2592000,h3-29=":443"; ma=2592000', 'Transfer-Encoding': 'chunked'} and content {
  "access_token": "ya29.a0AS3H6NykuPz3KC2dKB22X5OQvc31mRyL6AQEzWumkQtVI-VNG6w_NvQJkJ4Tt3QVryCPRCvGrTVBjYypSp3xFzf1smWkFPS5JxUXWIycRXpt6iMwHu8jEZdvXJtOjePCguMFKnFHGkPQrqgX40vwP-BQeY0APRYO5G84H8q5aCgYKAb8SARISFQHGX2Mio__J9a6vGxXDWg6lfKeYJg0175",
  "expires_in": 3599,
  "refresh_token": "1//01Go_7hQlaIJiCgYIARAAGAESNwF-L9Irq6rAV4qFgy2iQ5ENMNkMTHFzdh7q0og_pMJqKR501SYpfJdyXuKHLsAjChFtQ55z8n8",
  "scope": "https://www.googleapis.com/auth/userinfo.email https://www.googleapis.com/auth/cloud-platform openid https://www.googleapis.com/auth/sqlservice.login",
  "token_type": "Bearer",
  "id_token": "eyJhbGciOiJSUzI1NiIsImtpZCI6ImYxMDMzODYwNzE2ZTNhMmFhYjM4MGYwMGRiZTM5YTcxMTQ4NDZiYTEiLCJ0eXAiOiJKV1QifQ.eyJpc3MiOiJodHRwczovL2FjY291bnRzLmdvb2dsZS5jb20iLCJhenAiOiI3NjQwODYwNTE4NTAtNnFyNHA2Z3BpNmhuNTA2cHQ4ZWp1cTgzZGkzNDFodXIuYXBwcy5nb29nbGV1c2VyY29udGVudC5jb20iLCJhdWQiOiI3NjQwODYwNTE4NTAtNnFyNHA2Z3BpNmhuNTA2cHQ4ZWp1cTgzZGkzNDFodXIuYXBwcy5nb29nbGV1c2VyY29udGVudC5jb20iLCJzdWIiOiIxMTYyMjk1Nzc3MDk0NDUyMjI3NjkiLCJlbWFpbCI6ImV0aGFudGxlZTIxQGdtYWlsLmNvbSIsImVtYWlsX3ZlcmlmaWVkIjp0cnVlLCJhdF9oYXNoIjoiR3pOWWc3NEhxeHlXanFQbW16YlFYQSIsImlhdCI6MTc1MjcwNjEzNiwiZXhwIjoxNzUyNzA5NzM2fQ.iGJJso1BLq4XAOO1_e6Fv5Rul5N30wP_BJjfqOESv3WkJtrz0smWOEpnjLwaAVjX6y9BZ1wgrAZtLkniEtck5exZBIrdbUfCQ6WaJUCmeFBUEgvfzCGgJHnoFeLeqkaOruPdZ76cPcw8e_5_M69FxSIKP8YTVCKXnMN1Pr4B0IjZieIlPDJKruAnMKlIBCfXJfcsJVPY5UzUtFgZWeEjIoFn0ug5GPrMLUjwR3Tjz5TR_ggEh4XBhhSPH49bP8HETB95qRHx_2HzXE2bdU-M0Mu6_7T8jg04F83pWNux3WSHJ2gFOY3PKUNwV1LX1FVmcKCjTTnqusmGnVazSc-usw"
}.
2025-07-16 18:48:56,577 DEBUG    requests_oauthlib.oauth2_session Invoking 0 token response hooks.
2025-07-16 18:48:56,577 DEBUG    requests_oauthlib.oauth2_session Obtained token {'access_token': 'ya29.a0AS3H6NykuPz3KC2dKB22X5OQvc31mRyL6AQEzWumkQtVI-VNG6w_NvQJkJ4Tt3QVryCPRCvGrTVBjYypSp3xFzf1smWkFPS5JxUXWIycRXpt6iMwHu8jEZdvXJtOjePCguMFKnFHGkPQrqgX40vwP-BQeY0APRYO5G84H8q5aCgYKAb8SARISFQHGX2Mio__J9a6vGxXDWg6lfKeYJg0175', 'expires_in': 3599, 'refresh_token': '1//01Go_7hQlaIJiCgYIARAAGAESNwF-L9Irq6rAV4qFgy2iQ5ENMNkMTHFzdh7q0og_pMJqKR501SYpfJdyXuKHLsAjChFtQ55z8n8', 'scope': ['https://www.googleapis.com/auth/userinfo.email', 'https://www.googleapis.com/auth/cloud-platform', 'openid', 'https://www.googleapis.com/auth/sqlservice.login'], 'token_type': 'Bearer', 'id_token': 'eyJhbGciOiJSUzI1NiIsImtpZCI6ImYxMDMzODYwNzE2ZTNhMmFhYjM4MGYwMGRiZTM5YTcxMTQ4NDZiYTEiLCJ0eXAiOiJKV1QifQ.eyJpc3MiOiJodHRwczovL2FjY291bnRzLmdvb2dsZS5jb20iLCJhenAiOiI3NjQwODYwNTE4NTAtNnFyNHA2Z3BpNmhuNTA2cHQ4ZWp1cTgzZGkzNDFodXIuYXBwcy5nb29nbGV1c2VyY29udGVudC5jb20iLCJhdWQiOiI3NjQwODYwNTE4NTAtNnFyNHA2Z3BpNmhuNTA2cHQ4ZWp1cTgzZGkzNDFodXIuYXBwcy5nb29nbGV1c2VyY29udGVudC5jb20iLCJzdWIiOiIxMTYyMjk1Nzc3MDk0NDUyMjI3NjkiLCJlbWFpbCI6ImV0aGFudGxlZTIxQGdtYWlsLmNvbSIsImVtYWlsX3ZlcmlmaWVkIjp0cnVlLCJhdF9oYXNoIjoiR3pOWWc3NEhxeHlXanFQbW16YlFYQSIsImlhdCI6MTc1MjcwNjEzNiwiZXhwIjoxNzUyNzA5NzM2fQ.iGJJso1BLq4XAOO1_e6Fv5Rul5N30wP_BJjfqOESv3WkJtrz0smWOEpnjLwaAVjX6y9BZ1wgrAZtLkniEtck5exZBIrdbUfCQ6WaJUCmeFBUEgvfzCGgJHnoFeLeqkaOruPdZ76cPcw8e_5_M69FxSIKP8YTVCKXnMN1Pr4B0IjZieIlPDJKruAnMKlIBCfXJfcsJVPY5UzUtFgZWeEjIoFn0ug5GPrMLUjwR3Tjz5TR_ggEh4XBhhSPH49bP8HETB95qRHx_2HzXE2bdU-M0Mu6_7T8jg04F83pWNux3WSHJ2gFOY3PKUNwV1LX1FVmcKCjTTnqusmGnVazSc-usw', 'expires_at': 1752709735.577595}.
2025-07-16 18:48:56,593 INFO     ___FILE_ONLY___ 
Credentials saved to file: [/Users/ethantlee/.config/gcloud/application_default_credentials.json]

2025-07-16 18:48:56,593 INFO     ___FILE_ONLY___ 
These credentials will be used by any library that requests Application Default Credentials (ADC).

2025-07-16 18:48:56,593 WARNING  root            
Cannot find a quota project to add to ADC. You might receive a "quota exceeded" or "API not enabled" error. Run $ gcloud auth application-default set-quota-project to add a quota project.
2025-07-16 18:48:56,594 DEBUG    root            Chosen display Format:none
2025-07-16 18:48:56,594 INFO     root            Display format: "none"
2025-07-16 18:48:56,613 DEBUG    root            Metrics reporting process started...
